{"numFailedTestSuites":0,"numFailedTests":0,"numPassedTestSuites":1,"numPassedTests":2,"numPendingTestSuites":0,"numPendingTests":0,"numRuntimeErrorTestSuites":0,"numTodoTests":0,"numTotalTestSuites":1,"numTotalTests":2,"openHandles":[],"snapshot":{"added":0,"didUpdate":false,"failure":false,"filesAdded":0,"filesRemoved":0,"filesRemovedList":[],"filesUnmatched":0,"filesUpdated":0,"matched":0,"total":0,"unchecked":0,"uncheckedKeysByFile":[],"unmatched":0,"updated":0},"startTime":1646389882192,"success":true,"testResults":[{"assertionResults":[{"ancestorTitles":["HelloWorld"],"failureMessages":[],"fullName":"HelloWorld should display header text","location":null,"status":"passed","title":"should display header text"},{"ancestorTitles":["HelloWorld"],"failureMessages":[],"fullName":"HelloWorld should display header text","location":null,"status":"passed","title":"should display header text"}],"endTime":1646389886749,"message":"","name":"/Users/mszalay001/Documents/_git/test-import/vue3-library-starter-vite-storybook/tests/unit/example.spec.ts","startTime":1646389882934,"status":"passed","summary":""}],"wasInterrupted":false}